2025-09-30 15:00:55,050 - INFO - Logging to logs/training_20250930_150055.log
2025-09-30 15:00:55,050 - INFO - Using Apple Silicon GPU (MPS)
2025-09-30 15:00:55,052 - INFO - ======================================================================
2025-09-30 15:00:55,052 - INFO - Starting training with configuration:
2025-09-30 15:00:55,052 - INFO -   Model: bert-base-uncased
2025-09-30 15:00:55,052 - INFO -   Num classes: 8
2025-09-30 15:00:55,052 - INFO -   Max length: 512
2025-09-30 15:00:55,052 - INFO -   Batch size: 16
2025-09-30 15:00:55,052 - INFO -   Learning rate: 2e-05
2025-09-30 15:00:55,052 - INFO -   Epochs: 5
2025-09-30 15:00:55,052 - INFO -   Device: mps
2025-09-30 15:00:55,052 - INFO -   Distributed: False
2025-09-30 15:00:55,052 - INFO - ======================================================================
2025-09-30 15:00:55,321 - INFO - Loaded 45633 samples from data/train_data.parquet
2025-09-30 15:00:55,783 - INFO - Loaded 9779 validation samples from data/val_data.parquet
2025-09-30 15:00:55,784 - INFO - Using separate validation file
2025-09-30 15:00:56,712 - INFO - Model parameters: 110,106,760 total, 624,520 trainable
2025-09-30 15:00:56,712 - INFO - BERT encoder frozen - training classification head only
2025-09-30 15:00:56,713 - INFO - No checkpoint found, starting training from scratch
2025-09-30 15:00:56,713 - INFO - 
2025-09-30 15:00:56,713 - INFO - ======================================================================
2025-09-30 15:00:56,713 - INFO - Epoch 1/5
2025-09-30 15:00:56,713 - INFO - ======================================================================
2025-09-30 15:51:32,524 - INFO - 
2025-09-30 15:51:32,524 - INFO - Epoch Results:
2025-09-30 15:51:32,524 - INFO - ----------------------------------------------------------------------
2025-09-30 15:51:32,524 - INFO - Metric               Train           Validation     
2025-09-30 15:51:32,524 - INFO - ----------------------------------------------------------------------
2025-09-30 15:51:32,524 - INFO - Loss                 1.3784          0.8065         
2025-09-30 15:51:32,524 - INFO - Accuracy             0.5772          0.7389         
2025-09-30 15:51:32,524 - INFO - Precision            -               0.7236         
2025-09-30 15:51:32,524 - INFO - Recall               -               0.7389         
2025-09-30 15:51:32,524 - INFO - F1 Score             -               0.6994         
2025-09-30 15:51:32,524 - INFO - ----------------------------------------------------------------------
2025-09-30 15:51:33,240 - INFO - 
2025-09-30 15:51:33,240 - INFO - ✓ New best model saved (accuracy: 0.7389)
2025-09-30 15:51:33,240 - INFO - 
2025-09-30 15:51:33,240 - INFO - ======================================================================
2025-09-30 15:51:33,240 - INFO - Epoch 2/5
2025-09-30 15:51:33,240 - INFO - ======================================================================
2025-09-30 16:41:49,837 - INFO - 
2025-09-30 16:41:49,838 - INFO - Epoch Results:
2025-09-30 16:41:49,838 - INFO - ----------------------------------------------------------------------
2025-09-30 16:41:49,838 - INFO - Metric               Train           Validation     
2025-09-30 16:41:49,838 - INFO - ----------------------------------------------------------------------
2025-09-30 16:41:49,838 - INFO - Loss                 0.8121          0.6802         
2025-09-30 16:41:49,838 - INFO - Accuracy             0.7264          0.7684         
2025-09-30 16:41:49,838 - INFO - Precision            -               0.7613         
2025-09-30 16:41:49,838 - INFO - Recall               -               0.7684         
2025-09-30 16:41:49,838 - INFO - F1 Score             -               0.7538         
2025-09-30 16:41:49,838 - INFO - ----------------------------------------------------------------------
2025-09-30 16:41:50,295 - INFO - 
2025-09-30 16:41:50,296 - INFO - ✓ New best model saved (accuracy: 0.7684)
2025-09-30 16:41:50,296 - INFO - 
2025-09-30 16:41:50,296 - INFO - ======================================================================
2025-09-30 16:41:50,296 - INFO - Epoch 3/5
2025-09-30 16:41:50,296 - INFO - ======================================================================
2025-09-30 17:32:02,354 - INFO - 
2025-09-30 17:32:02,354 - INFO - Epoch Results:
2025-09-30 17:32:02,354 - INFO - ----------------------------------------------------------------------
2025-09-30 17:32:02,355 - INFO - Metric               Train           Validation     
2025-09-30 17:32:02,355 - INFO - ----------------------------------------------------------------------
2025-09-30 17:32:02,355 - INFO - Loss                 0.7380          0.6376         
2025-09-30 17:32:02,355 - INFO - Accuracy             0.7471          0.7852         
2025-09-30 17:32:02,355 - INFO - Precision            -               0.7798         
2025-09-30 17:32:02,355 - INFO - Recall               -               0.7852         
2025-09-30 17:32:02,355 - INFO - F1 Score             -               0.7779         
2025-09-30 17:32:02,355 - INFO - ----------------------------------------------------------------------
2025-09-30 17:32:02,839 - INFO - 
2025-09-30 17:32:02,839 - INFO - ✓ New best model saved (accuracy: 0.7852)
2025-09-30 17:32:02,839 - INFO - 
2025-09-30 17:32:02,839 - INFO - ======================================================================
2025-09-30 17:32:02,839 - INFO - Epoch 4/5
2025-09-30 17:32:02,839 - INFO - ======================================================================
2025-09-30 18:22:02,374 - INFO - 
2025-09-30 18:22:02,375 - INFO - Epoch Results:
2025-09-30 18:22:02,375 - INFO - ----------------------------------------------------------------------
2025-09-30 18:22:02,375 - INFO - Metric               Train           Validation     
2025-09-30 18:22:02,375 - INFO - ----------------------------------------------------------------------
2025-09-30 18:22:02,375 - INFO - Loss                 0.7060          0.6190         
2025-09-30 18:22:02,375 - INFO - Accuracy             0.7593          0.7906         
2025-09-30 18:22:02,375 - INFO - Precision            -               0.7840         
2025-09-30 18:22:02,375 - INFO - Recall               -               0.7906         
2025-09-30 18:22:02,375 - INFO - F1 Score             -               0.7852         
2025-09-30 18:22:02,375 - INFO - ----------------------------------------------------------------------
2025-09-30 18:22:02,873 - INFO - 
2025-09-30 18:22:02,873 - INFO - ✓ New best model saved (accuracy: 0.7906)
2025-09-30 18:22:02,873 - INFO - 
2025-09-30 18:22:02,873 - INFO - ======================================================================
2025-09-30 18:22:02,873 - INFO - Epoch 5/5
2025-09-30 18:22:02,873 - INFO - ======================================================================
2025-09-30 19:12:06,431 - INFO - 
2025-09-30 19:12:06,431 - INFO - Epoch Results:
2025-09-30 19:12:06,431 - INFO - ----------------------------------------------------------------------
2025-09-30 19:12:06,432 - INFO - Metric               Train           Validation     
2025-09-30 19:12:06,432 - INFO - ----------------------------------------------------------------------
2025-09-30 19:12:06,432 - INFO - Loss                 0.6925          0.6141         
2025-09-30 19:12:06,432 - INFO - Accuracy             0.7648          0.7942         
2025-09-30 19:12:06,432 - INFO - Precision            -               0.7862         
2025-09-30 19:12:06,432 - INFO - Recall               -               0.7942         
2025-09-30 19:12:06,432 - INFO - F1 Score             -               0.7884         
2025-09-30 19:12:06,432 - INFO - ----------------------------------------------------------------------
2025-09-30 19:12:07,154 - INFO - 
2025-09-30 19:12:07,154 - INFO - ✓ New best model saved (accuracy: 0.7942)
2025-09-30 19:12:07,154 - INFO - 
2025-09-30 19:12:07,154 - INFO - ======================================================================
2025-09-30 19:12:07,154 - INFO - Training completed successfully!
2025-09-30 19:12:07,154 - INFO - Best validation accuracy: 0.7942
2025-09-30 19:12:07,154 - INFO - ======================================================================
