2025-09-30 20:19:31,648 - INFO - Logging to logs/training_20250930_201931.log
2025-09-30 20:19:31,649 - INFO - Using Apple Silicon GPU (MPS)
2025-09-30 20:19:31,649 - INFO - ======================================================================
2025-09-30 20:19:31,649 - INFO - Starting training with configuration:
2025-09-30 20:19:31,649 - INFO -   Model: bert-base-uncased
2025-09-30 20:19:31,649 - INFO -   Num classes: 8
2025-09-30 20:19:31,649 - INFO -   Max length: 512
2025-09-30 20:19:31,649 - INFO -   Batch size: 16
2025-09-30 20:19:31,649 - INFO -   Learning rate: 2e-05
2025-09-30 20:19:31,649 - INFO -   Epochs: 20
2025-09-30 20:19:31,649 - INFO -   Device: mps
2025-09-30 20:19:31,649 - INFO -   Distributed: False
2025-09-30 20:19:31,649 - INFO - ======================================================================
2025-09-30 20:19:31,780 - INFO - Loaded 45633 samples from data/train_data.parquet
2025-09-30 20:19:32,318 - INFO - Loaded 9779 validation samples from data/val_data.parquet
2025-09-30 20:19:32,318 - INFO - Using separate validation file
2025-09-30 20:19:32,768 - INFO - Model parameters: 110,106,760 total, 624,520 trainable
2025-09-30 20:19:32,768 - INFO - BERT encoder frozen - training classification head only
2025-09-30 20:19:32,769 - INFO - Found existing checkpoint: checkpoints/best_model.pt
2025-09-30 20:19:32,769 - INFO - Loading checkpoint from checkpoints/best_model.pt
2025-09-30 20:19:32,910 - INFO - Resuming from epoch 5, best accuracy: 0.7942
2025-09-30 20:19:32,910 - INFO - Successfully loaded checkpoint, resuming from epoch 5
2025-09-30 20:19:32,910 - INFO - 
2025-09-30 20:19:32,910 - INFO - ======================================================================
2025-09-30 20:19:32,910 - INFO - Epoch 6/20
2025-09-30 20:19:32,910 - INFO - ======================================================================
2025-09-30 21:09:35,212 - INFO - 
2025-09-30 21:09:35,214 - INFO - Epoch Results:
2025-09-30 21:09:35,214 - INFO - ----------------------------------------------------------------------
2025-09-30 21:09:35,214 - INFO - Metric               Train           Validation     
2025-09-30 21:09:35,214 - INFO - ----------------------------------------------------------------------
2025-09-30 21:09:35,214 - INFO - Loss                 0.6719          0.5709         
2025-09-30 21:09:35,214 - INFO - Accuracy             0.7697          0.8022         
2025-09-30 21:09:35,214 - INFO - Precision            -               0.7931         
2025-09-30 21:09:35,214 - INFO - Recall               -               0.8022         
2025-09-30 21:09:35,214 - INFO - F1 Score             -               0.7970         
2025-09-30 21:09:35,214 - INFO - ----------------------------------------------------------------------
2025-09-30 21:09:35,696 - INFO - 
2025-09-30 21:09:35,696 - INFO - ✓ New best model saved (accuracy: 0.8022)
2025-09-30 21:09:35,696 - INFO - 
2025-09-30 21:09:35,696 - INFO - ======================================================================
2025-09-30 21:09:35,696 - INFO - Epoch 7/20
2025-09-30 21:09:35,696 - INFO - ======================================================================
2025-09-30 21:59:38,822 - INFO - 
2025-09-30 21:59:38,823 - INFO - Epoch Results:
2025-09-30 21:59:38,823 - INFO - ----------------------------------------------------------------------
2025-09-30 21:59:38,823 - INFO - Metric               Train           Validation     
2025-09-30 21:59:38,823 - INFO - ----------------------------------------------------------------------
2025-09-30 21:59:38,823 - INFO - Loss                 0.6339          0.5431         
2025-09-30 21:59:38,823 - INFO - Accuracy             0.7826          0.8089         
2025-09-30 21:59:38,823 - INFO - Precision            -               0.8009         
2025-09-30 21:59:38,823 - INFO - Recall               -               0.8089         
2025-09-30 21:59:38,823 - INFO - F1 Score             -               0.8042         
2025-09-30 21:59:38,823 - INFO - ----------------------------------------------------------------------
2025-09-30 21:59:39,291 - INFO - 
2025-09-30 21:59:39,291 - INFO - ✓ New best model saved (accuracy: 0.8089)
2025-09-30 21:59:39,291 - INFO - 
2025-09-30 21:59:39,291 - INFO - ======================================================================
2025-09-30 21:59:39,291 - INFO - Epoch 8/20
2025-09-30 21:59:39,291 - INFO - ======================================================================
2025-09-30 22:49:45,148 - INFO - 
2025-09-30 22:49:45,148 - INFO - Epoch Results:
2025-09-30 22:49:45,148 - INFO - ----------------------------------------------------------------------
2025-09-30 22:49:45,148 - INFO - Metric               Train           Validation     
2025-09-30 22:49:45,148 - INFO - ----------------------------------------------------------------------
2025-09-30 22:49:45,149 - INFO - Loss                 0.6082          0.5225         
2025-09-30 22:49:45,149 - INFO - Accuracy             0.7876          0.8157         
2025-09-30 22:49:45,149 - INFO - Precision            -               0.8076         
2025-09-30 22:49:45,149 - INFO - Recall               -               0.8157         
2025-09-30 22:49:45,149 - INFO - F1 Score             -               0.8110         
2025-09-30 22:49:45,149 - INFO - ----------------------------------------------------------------------
2025-09-30 22:49:45,641 - INFO - 
2025-09-30 22:49:45,641 - INFO - ✓ New best model saved (accuracy: 0.8157)
2025-09-30 22:49:45,641 - INFO - 
2025-09-30 22:49:45,641 - INFO - ======================================================================
2025-09-30 22:49:45,641 - INFO - Epoch 9/20
2025-09-30 22:49:45,641 - INFO - ======================================================================
2025-09-30 23:39:57,917 - INFO - 
2025-09-30 23:39:57,918 - INFO - Epoch Results:
2025-09-30 23:39:57,918 - INFO - ----------------------------------------------------------------------
2025-09-30 23:39:57,918 - INFO - Metric               Train           Validation     
2025-09-30 23:39:57,918 - INFO - ----------------------------------------------------------------------
2025-09-30 23:39:57,918 - INFO - Loss                 0.5929          0.5070         
2025-09-30 23:39:57,918 - INFO - Accuracy             0.7925          0.8205         
2025-09-30 23:39:57,918 - INFO - Precision            -               0.8121         
2025-09-30 23:39:57,918 - INFO - Recall               -               0.8205         
2025-09-30 23:39:57,918 - INFO - F1 Score             -               0.8158         
2025-09-30 23:39:57,918 - INFO - ----------------------------------------------------------------------
2025-09-30 23:39:58,413 - INFO - 
2025-09-30 23:39:58,413 - INFO - ✓ New best model saved (accuracy: 0.8205)
2025-09-30 23:39:58,413 - INFO - 
2025-09-30 23:39:58,413 - INFO - ======================================================================
2025-09-30 23:39:58,413 - INFO - Epoch 10/20
2025-09-30 23:39:58,413 - INFO - ======================================================================
2025-10-01 00:30:03,724 - INFO - 
2025-10-01 00:30:03,725 - INFO - Epoch Results:
2025-10-01 00:30:03,725 - INFO - ----------------------------------------------------------------------
2025-10-01 00:30:03,725 - INFO - Metric               Train           Validation     
2025-10-01 00:30:03,725 - INFO - ----------------------------------------------------------------------
2025-10-01 00:30:03,725 - INFO - Loss                 0.5798          0.4976         
2025-10-01 00:30:03,725 - INFO - Accuracy             0.7954          0.8212         
2025-10-01 00:30:03,725 - INFO - Precision            -               0.8126         
2025-10-01 00:30:03,725 - INFO - Recall               -               0.8212         
2025-10-01 00:30:03,725 - INFO - F1 Score             -               0.8165         
2025-10-01 00:30:03,725 - INFO - ----------------------------------------------------------------------
2025-10-01 00:30:04,211 - INFO - 
2025-10-01 00:30:04,211 - INFO - ✓ New best model saved (accuracy: 0.8212)
2025-10-01 00:30:04,211 - INFO - 
2025-10-01 00:30:04,211 - INFO - ======================================================================
2025-10-01 00:30:04,211 - INFO - Epoch 11/20
2025-10-01 00:30:04,211 - INFO - ======================================================================
2025-10-01 01:20:09,071 - INFO - 
2025-10-01 01:20:09,072 - INFO - Epoch Results:
2025-10-01 01:20:09,072 - INFO - ----------------------------------------------------------------------
2025-10-01 01:20:09,072 - INFO - Metric               Train           Validation     
2025-10-01 01:20:09,073 - INFO - ----------------------------------------------------------------------
2025-10-01 01:20:09,073 - INFO - Loss                 0.5755          0.4905         
2025-10-01 01:20:09,073 - INFO - Accuracy             0.7962          0.8240         
2025-10-01 01:20:09,073 - INFO - Precision            -               0.8156         
2025-10-01 01:20:09,073 - INFO - Recall               -               0.8240         
2025-10-01 01:20:09,073 - INFO - F1 Score             -               0.8197         
2025-10-01 01:20:09,073 - INFO - ----------------------------------------------------------------------
2025-10-01 01:20:09,551 - INFO - 
2025-10-01 01:20:09,551 - INFO - ✓ New best model saved (accuracy: 0.8240)
2025-10-01 01:20:09,551 - INFO - 
2025-10-01 01:20:09,551 - INFO - ======================================================================
2025-10-01 01:20:09,551 - INFO - Epoch 12/20
2025-10-01 01:20:09,551 - INFO - ======================================================================
2025-10-01 02:10:25,125 - INFO - 
2025-10-01 02:10:25,127 - INFO - Epoch Results:
2025-10-01 02:10:25,127 - INFO - ----------------------------------------------------------------------
2025-10-01 02:10:25,127 - INFO - Metric               Train           Validation     
2025-10-01 02:10:25,127 - INFO - ----------------------------------------------------------------------
2025-10-01 02:10:25,127 - INFO - Loss                 0.5614          0.4839         
2025-10-01 02:10:25,127 - INFO - Accuracy             0.8010          0.8272         
2025-10-01 02:10:25,127 - INFO - Precision            -               0.8252         
2025-10-01 02:10:25,127 - INFO - Recall               -               0.8272         
2025-10-01 02:10:25,127 - INFO - F1 Score             -               0.8221         
2025-10-01 02:10:25,127 - INFO - ----------------------------------------------------------------------
2025-10-01 02:10:25,596 - INFO - 
2025-10-01 02:10:25,596 - INFO - ✓ New best model saved (accuracy: 0.8272)
2025-10-01 02:10:25,596 - INFO - 
2025-10-01 02:10:25,596 - INFO - ======================================================================
2025-10-01 02:10:25,596 - INFO - Epoch 13/20
2025-10-01 02:10:25,596 - INFO - ======================================================================
2025-10-01 03:00:36,344 - INFO - 
2025-10-01 03:00:36,344 - INFO - Epoch Results:
2025-10-01 03:00:36,345 - INFO - ----------------------------------------------------------------------
2025-10-01 03:00:36,345 - INFO - Metric               Train           Validation     
2025-10-01 03:00:36,345 - INFO - ----------------------------------------------------------------------
2025-10-01 03:00:36,345 - INFO - Loss                 0.5596          0.4781         
2025-10-01 03:00:36,345 - INFO - Accuracy             0.8002          0.8293         
2025-10-01 03:00:36,345 - INFO - Precision            -               0.8255         
2025-10-01 03:00:36,345 - INFO - Recall               -               0.8293         
2025-10-01 03:00:36,345 - INFO - F1 Score             -               0.8232         
2025-10-01 03:00:36,345 - INFO - ----------------------------------------------------------------------
2025-10-01 03:00:36,824 - INFO - 
2025-10-01 03:00:36,824 - INFO - ✓ New best model saved (accuracy: 0.8293)
2025-10-01 03:00:36,824 - INFO - 
2025-10-01 03:00:36,824 - INFO - ======================================================================
2025-10-01 03:00:36,824 - INFO - Epoch 14/20
2025-10-01 03:00:36,824 - INFO - ======================================================================
2025-10-01 03:50:47,836 - INFO - 
2025-10-01 03:50:47,837 - INFO - Epoch Results:
2025-10-01 03:50:47,837 - INFO - ----------------------------------------------------------------------
2025-10-01 03:50:47,837 - INFO - Metric               Train           Validation     
2025-10-01 03:50:47,837 - INFO - ----------------------------------------------------------------------
2025-10-01 03:50:47,837 - INFO - Loss                 0.5540          0.4751         
2025-10-01 03:50:47,837 - INFO - Accuracy             0.8040          0.8308         
2025-10-01 03:50:47,837 - INFO - Precision            -               0.8260         
2025-10-01 03:50:47,837 - INFO - Recall               -               0.8308         
2025-10-01 03:50:47,837 - INFO - F1 Score             -               0.8257         
2025-10-01 03:50:47,837 - INFO - ----------------------------------------------------------------------
2025-10-01 03:50:48,353 - INFO - 
2025-10-01 03:50:48,353 - INFO - ✓ New best model saved (accuracy: 0.8308)
2025-10-01 03:50:48,353 - INFO - 
2025-10-01 03:50:48,353 - INFO - ======================================================================
2025-10-01 03:50:48,353 - INFO - Epoch 15/20
2025-10-01 03:50:48,353 - INFO - ======================================================================
2025-10-01 04:40:55,486 - INFO - 
2025-10-01 04:40:55,487 - INFO - Epoch Results:
2025-10-01 04:40:55,487 - INFO - ----------------------------------------------------------------------
2025-10-01 04:40:55,487 - INFO - Metric               Train           Validation     
2025-10-01 04:40:55,487 - INFO - ----------------------------------------------------------------------
2025-10-01 04:40:55,487 - INFO - Loss                 0.5477          0.4691         
2025-10-01 04:40:55,487 - INFO - Accuracy             0.8048          0.8331         
2025-10-01 04:40:55,487 - INFO - Precision            -               0.8259         
2025-10-01 04:40:55,487 - INFO - Recall               -               0.8331         
2025-10-01 04:40:55,487 - INFO - F1 Score             -               0.8278         
2025-10-01 04:40:55,487 - INFO - ----------------------------------------------------------------------
2025-10-01 04:40:55,960 - INFO - 
2025-10-01 04:40:55,960 - INFO - ✓ New best model saved (accuracy: 0.8331)
2025-10-01 04:40:55,960 - INFO - 
2025-10-01 04:40:55,960 - INFO - ======================================================================
2025-10-01 04:40:55,960 - INFO - Epoch 16/20
2025-10-01 04:40:55,960 - INFO - ======================================================================
2025-10-01 05:31:07,094 - INFO - 
2025-10-01 05:31:07,096 - INFO - Epoch Results:
2025-10-01 05:31:07,096 - INFO - ----------------------------------------------------------------------
2025-10-01 05:31:07,096 - INFO - Metric               Train           Validation     
2025-10-01 05:31:07,096 - INFO - ----------------------------------------------------------------------
2025-10-01 05:31:07,096 - INFO - Loss                 0.5448          0.4693         
2025-10-01 05:31:07,096 - INFO - Accuracy             0.8054          0.8332         
2025-10-01 05:31:07,096 - INFO - Precision            -               0.8265         
2025-10-01 05:31:07,096 - INFO - Recall               -               0.8332         
2025-10-01 05:31:07,096 - INFO - F1 Score             -               0.8284         
2025-10-01 05:31:07,096 - INFO - ----------------------------------------------------------------------
2025-10-01 05:31:07,590 - INFO - 
2025-10-01 05:31:07,591 - INFO - ✓ New best model saved (accuracy: 0.8332)
2025-10-01 05:31:07,591 - INFO - 
2025-10-01 05:31:07,591 - INFO - ======================================================================
2025-10-01 05:31:07,591 - INFO - Epoch 17/20
2025-10-01 05:31:07,591 - INFO - ======================================================================
2025-10-01 06:21:15,304 - INFO - 
2025-10-01 06:21:15,306 - INFO - Epoch Results:
2025-10-01 06:21:15,306 - INFO - ----------------------------------------------------------------------
2025-10-01 06:21:15,306 - INFO - Metric               Train           Validation     
2025-10-01 06:21:15,306 - INFO - ----------------------------------------------------------------------
2025-10-01 06:21:15,306 - INFO - Loss                 0.5440          0.4654         
2025-10-01 06:21:15,306 - INFO - Accuracy             0.8079          0.8362         
2025-10-01 06:21:15,306 - INFO - Precision            -               0.8284         
2025-10-01 06:21:15,306 - INFO - Recall               -               0.8362         
2025-10-01 06:21:15,306 - INFO - F1 Score             -               0.8309         
2025-10-01 06:21:15,306 - INFO - ----------------------------------------------------------------------
2025-10-01 06:21:15,770 - INFO - 
2025-10-01 06:21:15,770 - INFO - ✓ New best model saved (accuracy: 0.8362)
2025-10-01 06:21:15,770 - INFO - 
2025-10-01 06:21:15,770 - INFO - ======================================================================
2025-10-01 06:21:15,770 - INFO - Epoch 18/20
2025-10-01 06:21:15,770 - INFO - ======================================================================
2025-10-01 07:11:16,581 - INFO - 
2025-10-01 07:11:16,582 - INFO - Epoch Results:
2025-10-01 07:11:16,582 - INFO - ----------------------------------------------------------------------
2025-10-01 07:11:16,582 - INFO - Metric               Train           Validation     
2025-10-01 07:11:16,582 - INFO - ----------------------------------------------------------------------
2025-10-01 07:11:16,582 - INFO - Loss                 0.5417          0.4639         
2025-10-01 07:11:16,582 - INFO - Accuracy             0.8069          0.8347         
2025-10-01 07:11:16,582 - INFO - Precision            -               0.8306         
2025-10-01 07:11:16,582 - INFO - Recall               -               0.8347         
2025-10-01 07:11:16,582 - INFO - F1 Score             -               0.8307         
2025-10-01 07:11:16,582 - INFO - ----------------------------------------------------------------------
2025-10-01 07:11:16,582 - INFO - 
2025-10-01 07:11:16,583 - INFO - ======================================================================
2025-10-01 07:11:16,583 - INFO - Epoch 19/20
2025-10-01 07:11:16,583 - INFO - ======================================================================
2025-10-01 07:11:24,061 - WARNING - 
2025-10-01 07:11:24,061 - WARNING - Training interrupted by user
