2025-10-01 08:52:09,111 - INFO - Logging to logs/training_20251001_085209.log
2025-10-01 08:52:09,111 - INFO - Using Apple Silicon GPU (MPS)
2025-10-01 08:52:09,112 - INFO - ======================================================================
2025-10-01 08:52:09,113 - INFO - Starting training with configuration:
2025-10-01 08:52:09,113 - INFO -   Model: bert-base-uncased
2025-10-01 08:52:09,113 - INFO -   Num classes: 8
2025-10-01 08:52:09,113 - INFO -   Max length: 512
2025-10-01 08:52:09,113 - INFO -   Batch size: 16
2025-10-01 08:52:09,113 - INFO -   Learning rate: 2e-05
2025-10-01 08:52:09,113 - INFO -   Epochs: 20
2025-10-01 08:52:09,113 - INFO -   Device: mps
2025-10-01 08:52:09,113 - INFO -   Distributed: False
2025-10-01 08:52:09,113 - INFO - ======================================================================
2025-10-01 08:52:09,393 - INFO - Loaded 45633 samples from data/train_data.parquet
2025-10-01 08:52:09,782 - INFO - Loaded 9779 validation samples from data/val_data.parquet
2025-10-01 08:52:09,783 - INFO - Using separate validation file
2025-10-01 08:52:10,475 - INFO - Model parameters: 110,106,760 total, 624,520 trainable
2025-10-01 08:52:10,475 - INFO - BERT encoder frozen - training classification head only
2025-10-01 08:52:10,476 - INFO - Found existing checkpoint: checkpoints/best_model.pt
2025-10-01 08:52:10,476 - INFO - Loading checkpoint from checkpoints/best_model.pt
2025-10-01 08:52:10,631 - INFO - Resuming from epoch 17, best accuracy: 0.8362
2025-10-01 08:52:10,631 - INFO - Successfully loaded checkpoint, resuming from epoch 17
2025-10-01 08:52:10,631 - INFO - 
2025-10-01 08:52:10,631 - INFO - ======================================================================
2025-10-01 08:52:10,631 - INFO - Epoch 18/20
2025-10-01 08:52:10,631 - INFO - ======================================================================
